<?xml version="1.0" encoding="UTF-8"?>
<!-- Generated by org.testng.reporters.JUnitXMLReporter -->
<testsuite ignored="0" hostname="DESKTOP-M9BLJAP" failures="0" tests="3" name="Default test" time="30.956" errors="0" timestamp="2025-09-01T19:30:43 EET">
  <testcase classname="mytest.MyTestCases" name="checkTheIntroPage" time="1.607"/>
  <testcase classname="mytest.MyTestCases" name="signUp" time="9.961"/>
  <testcase classname="mytest.MyTestCases" name="logIn" time="7.419"/>
</testsuite> <!-- Default test -->
