<?xml version="1.0" encoding="UTF-8"?>
<testng-results ignored="0" total="3" passed="3" failed="0" skipped="0">
  <reporter-output>
  </reporter-output>
  <suite started-at="2025-09-01T19:30:12 EET" name="Default suite" finished-at="2025-09-01T19:30:43 EET" duration-ms="30956">
    <groups>
    </groups>
    <test started-at="2025-09-01T19:30:12 EET" name="Default test" finished-at="2025-09-01T19:30:43 EET" duration-ms="30956">
      <class name="mytest.MyTestCases">
        <test-method is-config="true" signature="mySetUp()[pri:0, instance:mytest.MyTestCases@59fd97a8]" started-at="2025-09-01T19:30:12 EET" name="mySetUp" finished-at="2025-09-01T19:30:21 EET" duration-ms="9382" status="PASS">
          <reporter-output>
          </reporter-output>
        </test-method> <!-- mySetUp -->
        <test-method signature="checkTheIntroPage()[pri:1, instance:mytest.MyTestCases@59fd97a8]" started-at="2025-09-01T19:30:21 EET" name="checkTheIntroPage" finished-at="2025-09-01T19:30:23 EET" duration-ms="1607" status="PASS">
          <reporter-output>
          </reporter-output>
        </test-method> <!-- checkTheIntroPage -->
        <test-method signature="signUp()[pri:2, instance:mytest.MyTestCases@59fd97a8]" started-at="2025-09-01T19:30:23 EET" name="signUp" finished-at="2025-09-01T19:30:33 EET" duration-ms="9961" status="PASS">
          <reporter-output>
          </reporter-output>
        </test-method> <!-- signUp -->
        <test-method signature="logIn()[pri:3, instance:mytest.MyTestCases@59fd97a8]" started-at="2025-09-01T19:30:33 EET" name="logIn" finished-at="2025-09-01T19:30:40 EET" duration-ms="7419" status="PASS">
          <reporter-output>
          </reporter-output>
        </test-method> <!-- logIn -->
        <test-method is-config="true" signature="closeDriver()[pri:0, instance:mytest.MyTestCases@59fd97a8]" started-at="2025-09-01T19:30:40 EET" name="closeDriver" finished-at="2025-09-01T19:30:43 EET" duration-ms="2477" status="PASS">
          <reporter-output>
          </reporter-output>
        </test-method> <!-- closeDriver -->
      </class> <!-- mytest.MyTestCases -->
    </test> <!-- Default test -->
  </suite> <!-- Default suite -->
</testng-results>
